2021-05-07 13:29:21.447 INFO  com.mts.reporter.Reporter - TestCase:- verifyTempratureSearchOnGUIPhase1 Started
2021-05-07 13:29:21.466 INFO  com.mts.reporter.Utils - Move Report to zip file
2021-05-07 13:29:41.137 INFO  com.mts.reporter.Reporter - Checking the temprature for city: Delhi
2021-05-07 13:32:34.187 INFO  com.mts.reporter.Reporter - TestCase:- verifyTempratureSearchOnGUIPhase1 Started
2021-05-07 13:32:34.196 INFO  com.mts.reporter.Utils - Move Report to zip file
2021-05-07 13:33:12.325 INFO  com.mts.reporter.Reporter - Checking the temprature for city: Delhi
2021-05-07 13:33:41.442 INFO  com.mts.reporter.Reporter - TestCase:- verifyTempratureSearchOnGUIPhase1 Started
2021-05-07 13:33:41.456 INFO  com.mts.reporter.Utils - Move Report to zip file
2021-05-07 13:34:03.889 INFO  com.mts.reporter.Reporter - Checking the temprature for city: Delhi
2021-05-07 13:43:22.466 INFO  com.mts.reporter.Reporter - TestCase:- verifyTempratureSearchOnGUIPhase1 Started
2021-05-07 13:43:22.474 INFO  com.mts.reporter.Utils - Move Report to zip file
2021-05-07 13:43:22.648 INFO  com.mts.reporter.Reporter - Checking the temprature for city: Delhi
2021-05-07 13:43:24.137 DEBUG com.framework.core.BasePage - Entering Textbox at location: By.id: LocationSearch_input
2021-05-07 13:43:24.475 DEBUG com.framework.core.BasePage - Checking for element is present at location: By.xpath: //div[contains(text(),'No results found')]
2021-05-07 13:43:30.180 DEBUG com.framework.core.BasePage - Clicking on button at location: By.xpath: //button[@id='LocationSearch_listbox-0']
2021-05-07 13:43:31.840 DEBUG com.framework.core.BasePage - Getting Text value from: By.xpath: //span[contains(@class,'CurrentConditions--tempValue')]
2021-05-07 13:43:31.986 INFO  com.mts.reporter.Reporter - Current Temprature of City on UI: Delhi is 34&#176C:- Step Passed 
2021-05-07 13:43:31.987 INFO  com.mts.reporter.Reporter - Checking the temprature for city: Tokyo
2021-05-07 13:43:33.523 DEBUG com.framework.core.BasePage - Entering Textbox at location: By.id: LocationSearch_input
2021-05-07 13:43:33.727 DEBUG com.framework.core.BasePage - Checking for element is present at location: By.xpath: //div[contains(text(),'No results found')]
2021-05-07 13:43:38.998 DEBUG com.framework.core.BasePage - Clicking on button at location: By.xpath: //button[@id='LocationSearch_listbox-0']
2021-05-07 13:43:42.661 DEBUG com.framework.core.BasePage - Getting Text value from: By.xpath: //span[contains(@class,'CurrentConditions--tempValue')]
2021-05-07 13:43:42.770 INFO  com.mts.reporter.Reporter - Current Temprature of City on UI: Tokyo is 18&#176C:- Step Passed 
2021-05-07 13:43:42.770 INFO  com.mts.reporter.Reporter - Checking the temprature for city: Indore
2021-05-07 13:43:42.842 DEBUG com.framework.core.BasePage - Entering Textbox at location: By.id: LocationSearch_input
2021-05-07 13:43:43.074 DEBUG com.framework.core.BasePage - Checking for element is present at location: By.xpath: //div[contains(text(),'No results found')]
2021-05-07 13:43:48.981 DEBUG com.framework.core.BasePage - Clicking on button at location: By.xpath: //button[@id='LocationSearch_listbox-0']
2021-05-07 13:43:50.472 DEBUG com.framework.core.BasePage - Getting Text value from: By.xpath: //span[contains(@class,'CurrentConditions--tempValue')]
2021-05-07 13:43:50.532 INFO  com.mts.reporter.Reporter - Current Temprature of City on UI: Indore is 37&#176C:- Step Passed 
2021-05-07 13:43:50.532 INFO  com.mts.reporter.Reporter - Checking the temprature for city: Mumbai
2021-05-07 13:43:51.196 DEBUG com.framework.core.BasePage - Entering Textbox at location: By.id: LocationSearch_input
2021-05-07 13:43:51.566 DEBUG com.framework.core.BasePage - Checking for element is present at location: By.xpath: //div[contains(text(),'No results found')]
2021-05-07 13:43:59.536 DEBUG com.framework.core.BasePage - Clicking on button at location: By.xpath: //button[@id='LocationSearch_listbox-0']
2021-05-07 13:44:00.943 DEBUG com.framework.core.BasePage - Getting Text value from: By.xpath: //span[contains(@class,'CurrentConditions--tempValue')]
2021-05-07 13:44:01.075 INFO  com.mts.reporter.Reporter - Current Temprature of City on UI: Mumbai is 31&#176C:- Step Passed 
2021-05-07 13:44:01.075 INFO  com.mts.reporter.Reporter - Checking the temprature for city: Kolkata
2021-05-07 13:44:01.803 DEBUG com.framework.core.BasePage - Entering Textbox at location: By.id: LocationSearch_input
2021-05-07 13:44:02.173 DEBUG com.framework.core.BasePage - Checking for element is present at location: By.xpath: //div[contains(text(),'No results found')]
2021-05-07 13:44:12.986 DEBUG com.framework.core.BasePage - Clicking on button at location: By.xpath: //button[@id='LocationSearch_listbox-0']
2021-05-07 13:44:15.124 DEBUG com.framework.core.BasePage - Getting Text value from: By.xpath: //span[contains(@class,'CurrentConditions--tempValue')]
2021-05-07 13:44:15.216 INFO  com.mts.reporter.Reporter - Current Temprature of City on UI: Kolkata is 34&#176C:- Step Passed 
2021-05-07 13:44:15.216 INFO  com.mts.reporter.Reporter - Checking the temprature for city: Berlin
2021-05-07 13:44:15.873 DEBUG com.framework.core.BasePage - Entering Textbox at location: By.id: LocationSearch_input
2021-05-07 13:44:16.146 DEBUG com.framework.core.BasePage - Checking for element is present at location: By.xpath: //div[contains(text(),'No results found')]
2021-05-07 13:44:21.432 DEBUG com.framework.core.BasePage - Clicking on button at location: By.xpath: //button[@id='LocationSearch_listbox-0']
2021-05-07 13:44:24.189 DEBUG com.framework.core.BasePage - Getting Text value from: By.xpath: //span[contains(@class,'CurrentConditions--tempValue')]
2021-05-07 13:44:24.459 INFO  com.mts.reporter.Reporter - Current Temprature of City on UI: Berlin is 5&#176C:- Step Passed 
2021-05-07 13:44:24.459 INFO  com.mts.reporter.Reporter - Checking the temprature for city: Texas
2021-05-07 13:44:24.585 DEBUG com.framework.core.BasePage - Entering Textbox at location: By.id: LocationSearch_input
2021-05-07 13:44:24.929 DEBUG com.framework.core.BasePage - Checking for element is present at location: By.xpath: //div[contains(text(),'No results found')]
2021-05-07 13:44:30.380 DEBUG com.framework.core.BasePage - Clicking on button at location: By.xpath: //button[@id='LocationSearch_listbox-0']
2021-05-07 13:44:32.102 DEBUG com.framework.core.BasePage - Getting Text value from: By.xpath: //span[contains(@class,'CurrentConditions--tempValue')]
2021-05-07 13:44:32.168 INFO  com.mts.reporter.Reporter - Current Temprature of City on UI: Texas is 20&#176C:- Step Passed 
2021-05-07 13:44:32.168 INFO  com.mts.reporter.Reporter - Varience Value: 4
2021-05-07 13:44:32.170 INFO  com.mts.reporter.Reporter - Test Complete:- Step Passed 
2021-05-07 14:00:10.132 DEBUG weatherreporttest.WeatherReportTest - Inside before class method: WeatherReportTest
2021-05-07 14:00:10.195 INFO  com.mts.reporter.Reporter - TestCase:- verifyTempratureSearchOnGUIPhase1 Started
2021-05-07 14:00:10.197 INFO  com.mts.reporter.Utils - Move Report to zip file
2021-05-07 14:00:10.318 INFO  com.mts.reporter.Reporter - Checking the temprature for city: Delhi
2021-05-07 14:00:14.601 DEBUG com.framework.core.BasePage - Entering Textbox at location: By.id: LocationSearch_input
2021-05-07 14:00:14.991 DEBUG com.framework.core.BasePage - Checking for element is present at location: By.xpath: //div[contains(text(),'No results found')]
2021-05-07 14:03:51.643 DEBUG weatherreporttest.WeatherReportTest - Inside before class method: WeatherReportTest
2021-05-07 14:04:33.616 INFO  com.mts.reporter.Reporter - TestCase:- verifyTempratureSearchOnGUIPhase1 Started
2021-05-07 14:04:33.631 INFO  com.mts.reporter.Utils - Move Report to zip file
2021-05-07 14:05:02.272 INFO  com.mts.reporter.Reporter - Checking the temprature for city: Delhi
2021-05-07 14:05:13.398 DEBUG com.framework.core.BasePage - Entering Textbox at location: By.id: LocationSearch_input
2021-05-07 14:05:13.647 DEBUG com.framework.core.BasePage - Checking for element is present at location: By.xpath: //div[contains(text(),'No results found')]
2021-05-07 14:05:18.825 DEBUG com.framework.core.BasePage - Clicking on button at location: By.xpath: //button[@id='LocationSearch_listbox-0']
2021-05-07 14:05:20.649 DEBUG com.framework.core.BasePage - Getting Text value from: By.xpath: //span[contains(@class,'CurrentConditions--tempValue')]
2021-05-07 14:05:20.757 INFO  com.mts.reporter.Reporter - Current Temprature of City on UI: Delhi is 34&#176C:- Step Passed 
2021-05-07 14:05:20.757 INFO  com.mts.reporter.Reporter - Checking the temprature for city: Tokyo
2021-05-07 14:05:22.030 DEBUG com.framework.core.BasePage - Entering Textbox at location: By.id: LocationSearch_input
2021-05-07 14:05:22.243 DEBUG com.framework.core.BasePage - Checking for element is present at location: By.xpath: //div[contains(text(),'No results found')]
2021-05-07 14:05:28.151 DEBUG com.framework.core.BasePage - Clicking on button at location: By.xpath: //button[@id='LocationSearch_listbox-0']
2021-05-07 14:05:30.307 DEBUG com.framework.core.BasePage - Getting Text value from: By.xpath: //span[contains(@class,'CurrentConditions--tempValue')]
2021-05-07 14:05:30.385 INFO  com.mts.reporter.Reporter - Current Temprature of City on UI: Tokyo is 18&#176C:- Step Passed 
2021-05-07 14:05:30.385 INFO  com.mts.reporter.Reporter - Checking the temprature for city: Indore
2021-05-07 14:05:31.191 DEBUG com.framework.core.BasePage - Entering Textbox at location: By.id: LocationSearch_input
2021-05-07 14:05:31.419 DEBUG com.framework.core.BasePage - Checking for element is present at location: By.xpath: //div[contains(text(),'No results found')]
2021-05-07 14:05:36.995 DEBUG com.framework.core.BasePage - Clicking on button at location: By.xpath: //button[@id='LocationSearch_listbox-0']
2021-05-07 14:05:39.345 DEBUG com.framework.core.BasePage - Getting Text value from: By.xpath: //span[contains(@class,'CurrentConditions--tempValue')]
2021-05-07 14:05:39.440 INFO  com.mts.reporter.Reporter - Current Temprature of City on UI: Indore is 37&#176C:- Step Passed 
2021-05-07 14:05:39.440 INFO  com.mts.reporter.Reporter - Checking the temprature for city: Mumbai
2021-05-07 14:05:40.083 DEBUG com.framework.core.BasePage - Entering Textbox at location: By.id: LocationSearch_input
2021-05-07 14:05:40.331 DEBUG com.framework.core.BasePage - Checking for element is present at location: By.xpath: //div[contains(text(),'No results found')]
2021-05-07 14:05:45.500 DEBUG com.framework.core.BasePage - Clicking on button at location: By.xpath: //button[@id='LocationSearch_listbox-0']
2021-05-07 14:05:47.371 DEBUG com.framework.core.BasePage - Getting Text value from: By.xpath: //span[contains(@class,'CurrentConditions--tempValue')]
2021-05-07 14:05:47.457 INFO  com.mts.reporter.Reporter - Current Temprature of City on UI: Mumbai is 31&#176C:- Step Passed 
2021-05-07 14:05:47.457 INFO  com.mts.reporter.Reporter - Checking the temprature for city: Kolkata
2021-05-07 14:05:48.178 DEBUG com.framework.core.BasePage - Entering Textbox at location: By.id: LocationSearch_input
2021-05-07 14:05:48.352 DEBUG com.framework.core.BasePage - Checking for element is present at location: By.xpath: //div[contains(text(),'No results found')]
2021-05-07 14:05:53.586 DEBUG com.framework.core.BasePage - Clicking on button at location: By.xpath: //button[@id='LocationSearch_listbox-0']
2021-05-07 14:05:54.818 DEBUG com.framework.core.BasePage - Getting Text value from: By.xpath: //span[contains(@class,'CurrentConditions--tempValue')]
2021-05-07 14:05:54.903 INFO  com.mts.reporter.Reporter - Current Temprature of City on UI: Kolkata is 34&#176C:- Step Passed 
2021-05-07 14:05:54.903 INFO  com.mts.reporter.Reporter - Checking the temprature for city: Berlin
2021-05-07 14:05:55.627 DEBUG com.framework.core.BasePage - Entering Textbox at location: By.id: LocationSearch_input
2021-05-07 14:05:55.921 DEBUG com.framework.core.BasePage - Checking for element is present at location: By.xpath: //div[contains(text(),'No results found')]
2021-05-07 14:06:01.137 DEBUG com.framework.core.BasePage - Clicking on button at location: By.xpath: //button[@id='LocationSearch_listbox-0']
2021-05-07 14:06:04.732 DEBUG com.framework.core.BasePage - Getting Text value from: By.xpath: //span[contains(@class,'CurrentConditions--tempValue')]
2021-05-07 14:06:04.798 INFO  com.mts.reporter.Reporter - Current Temprature of City on UI: Berlin is 5&#176C:- Step Passed 
2021-05-07 14:06:04.798 INFO  com.mts.reporter.Reporter - Checking the temprature for city: Texas
2021-05-07 14:06:05.689 DEBUG com.framework.core.BasePage - Entering Textbox at location: By.id: LocationSearch_input
2021-05-07 14:06:05.951 DEBUG com.framework.core.BasePage - Checking for element is present at location: By.xpath: //div[contains(text(),'No results found')]
2021-05-07 14:06:11.106 DEBUG com.framework.core.BasePage - Clicking on button at location: By.xpath: //button[@id='LocationSearch_listbox-0']
2021-05-07 14:06:12.877 DEBUG com.framework.core.BasePage - Getting Text value from: By.xpath: //span[contains(@class,'CurrentConditions--tempValue')]
2021-05-07 14:06:12.950 INFO  com.mts.reporter.Reporter - Current Temprature of City on UI: Texas is 20&#176C:- Step Passed 
2021-05-07 14:06:12.950 INFO  com.mts.reporter.Reporter - Varience Value: 4
2021-05-07 14:06:12.950 INFO  com.mts.reporter.Reporter - Test Complete:- Step Passed 
