2021-04-21 12:13:03.586 INFO  reporter.Reporter - TestCase:- verifyTempratureSearchOnGUIPhase1 Started
2021-04-21 12:13:03.609 INFO  reporter.Utils - Move Report to zip file
2021-04-21 12:13:21.688 INFO  reporter.Reporter - Checking the temprature for city: Delhi
2021-04-21 12:13:23.143 DEBUG com.mts.pages.BasePage - Entering Textbox at location: By.id: LocationSearch_input
2021-04-21 12:13:23.425 DEBUG com.mts.pages.BasePage - Checking for element is present at location: By.xpath: //div[contains(text(),'No results found')]
2021-04-21 12:13:29.129 DEBUG com.mts.pages.BasePage - Clicking on button at location: By.xpath: //button[@id='LocationSearch_listbox-0']
2021-04-21 12:13:30.698 DEBUG com.mts.pages.BasePage - Getting Text value from: By.xpath: //span[contains(@class,'CurrentConditions--tempValue')]
2021-04-21 12:13:30.958 INFO  reporter.Reporter - Current Temprature of City on UI: Delhi is 31&#176C:- Step Passed 
2021-04-21 12:13:30.959 INFO  reporter.Reporter - Checking the temprature for city: Tokyo
2021-04-21 12:13:31.893 DEBUG com.mts.pages.BasePage - Entering Textbox at location: By.id: LocationSearch_input
2021-04-21 12:13:32.124 DEBUG com.mts.pages.BasePage - Checking for element is present at location: By.xpath: //div[contains(text(),'No results found')]
2021-04-21 12:13:38.138 DEBUG com.mts.pages.BasePage - Clicking on button at location: By.xpath: //button[@id='LocationSearch_listbox-0']
2021-04-21 12:13:39.837 DEBUG com.mts.pages.BasePage - Getting Text value from: By.xpath: //span[contains(@class,'CurrentConditions--tempValue')]
2021-04-21 12:13:39.954 INFO  reporter.Reporter - Current Temprature of City on UI: Tokyo is 23&#176C:- Step Passed 
2021-04-21 12:13:39.954 INFO  reporter.Reporter - Checking the temprature for city: Indore
2021-04-21 12:13:40.606 DEBUG com.mts.pages.BasePage - Entering Textbox at location: By.id: LocationSearch_input
2021-04-21 12:13:40.859 DEBUG com.mts.pages.BasePage - Checking for element is present at location: By.xpath: //div[contains(text(),'No results found')]
2021-04-21 12:13:46.550 DEBUG com.mts.pages.BasePage - Clicking on button at location: By.xpath: //button[@id='LocationSearch_listbox-0']
2021-04-21 12:13:48.293 DEBUG com.mts.pages.BasePage - Getting Text value from: By.xpath: //span[contains(@class,'CurrentConditions--tempValue')]
2021-04-21 12:13:48.421 INFO  reporter.Reporter - Current Temprature of City on UI: Indore is 33&#176C:- Step Passed 
2021-04-21 12:13:48.421 INFO  reporter.Reporter - Checking the temprature for city: Mumbai
2021-04-21 12:13:49.323 DEBUG com.mts.pages.BasePage - Entering Textbox at location: By.id: LocationSearch_input
2021-04-21 12:13:49.630 DEBUG com.mts.pages.BasePage - Checking for element is present at location: By.xpath: //div[contains(text(),'No results found')]
2021-04-21 12:13:55.223 DEBUG com.mts.pages.BasePage - Clicking on button at location: By.xpath: //button[@id='LocationSearch_listbox-0']
2021-04-21 12:13:56.725 DEBUG com.mts.pages.BasePage - Getting Text value from: By.xpath: //span[contains(@class,'CurrentConditions--tempValue')]
2021-04-21 12:13:56.829 INFO  reporter.Reporter - Current Temprature of City on UI: Mumbai is 31&#176C:- Step Passed 
2021-04-21 12:13:56.829 INFO  reporter.Reporter - Checking the temprature for city: Kolkata
2021-04-21 12:13:57.693 DEBUG com.mts.pages.BasePage - Entering Textbox at location: By.id: LocationSearch_input
2021-04-21 12:13:57.912 DEBUG com.mts.pages.BasePage - Checking for element is present at location: By.xpath: //div[contains(text(),'No results found')]
2021-04-21 12:14:03.159 DEBUG com.mts.pages.BasePage - Clicking on button at location: By.xpath: //button[@id='LocationSearch_listbox-0']
2021-04-21 12:14:05.079 DEBUG com.mts.pages.BasePage - Getting Text value from: By.xpath: //span[contains(@class,'CurrentConditions--tempValue')]
2021-04-21 12:14:05.156 INFO  reporter.Reporter - Current Temprature of City on UI: Kolkata is 36&#176C:- Step Passed 
2021-04-21 12:14:05.156 INFO  reporter.Reporter - Checking the temprature for city: Berlin
2021-04-21 12:14:06.399 DEBUG com.mts.pages.BasePage - Entering Textbox at location: By.id: LocationSearch_input
2021-04-21 12:14:06.892 DEBUG com.mts.pages.BasePage - Checking for element is present at location: By.xpath: //div[contains(text(),'No results found')]
2021-04-21 12:14:12.219 DEBUG com.mts.pages.BasePage - Clicking on button at location: By.xpath: //button[@id='LocationSearch_listbox-0']
2021-04-21 12:14:13.732 DEBUG com.mts.pages.BasePage - Getting Text value from: By.xpath: //span[contains(@class,'CurrentConditions--tempValue')]
2021-04-21 12:14:13.824 INFO  reporter.Reporter - Current Temprature of City on UI: Berlin is 10&#176C:- Step Passed 
2021-04-21 12:14:13.824 INFO  reporter.Reporter - Checking the temprature for city: Texas
2021-04-21 12:14:14.629 DEBUG com.mts.pages.BasePage - Entering Textbox at location: By.id: LocationSearch_input
2021-04-21 12:14:15.026 DEBUG com.mts.pages.BasePage - Checking for element is present at location: By.xpath: //div[contains(text(),'No results found')]
2021-04-21 12:14:20.278 DEBUG com.mts.pages.BasePage - Clicking on button at location: By.xpath: //button[@id='LocationSearch_listbox-0']
2021-04-21 12:14:22.576 DEBUG com.mts.pages.BasePage - Getting Text value from: By.xpath: //span[contains(@class,'CurrentConditions--tempValue')]
2021-04-21 12:14:22.679 INFO  reporter.Reporter - Current Temprature of City on UI: Texas is 18&#176C:- Step Passed 
2021-04-21 12:14:22.680 INFO  reporter.Reporter - Varience Value: 4
2021-04-21 12:14:22.682 INFO  reporter.Reporter - Test Complete:- Step Passed 
